\BOOKMARK [1][-]{section.1}{\376\377\000B\000e\000z\000u\000g\000\040\000u\000n\000d\000\040\000K\000o\000n\000f\000i\000g\000u\000r\000a\000t\000i\000o\000n}{}% 1
\BOOKMARK [1][-]{section.2}{\376\377\000G\000r\000u\000n\000d\000l\000a\000g\000e\000n}{}% 2
\BOOKMARK [2][-]{subsection.2.1}{\376\377\000D\000a\000s\000\040\000e\000r\000s\000t\000e\000\040\000B\000e\000i\000s\000p\000i\000e\000l}{section.2}% 3
\BOOKMARK [2][-]{subsection.2.2}{\376\377\000E\000i\000n\000e\000\040\000e\000r\000s\000t\000e\000\040\000A\000u\000s\000w\000a\000h\000l\000a\000b\000f\000r\000a\000g\000e}{section.2}% 4
\BOOKMARK [2][-]{subsection.2.3}{\376\377\000A\000l\000l\000g\000e\000m\000e\000i\000n\000e\000\040\000E\000r\000g\000\344\000n\000z\000u\000n\000g\000e\000n\000\040\000z\000u\000r\000\040\000S\000y\000n\000t\000a\000x}{section.2}% 5
\BOOKMARK [2][-]{subsection.2.4}{\376\377\000D\000i\000e\000\040\000F\000l\000o\000w\000P\000r\000o\000t\000o\000c\000o\000l\000-\0002\000-\000B\000e\000f\000e\000h\000l\000s\000r\000e\000f\000e\000r\000e\000n\000z}{section.2}% 6
\BOOKMARK [2][-]{subsection.2.5}{\376\377\000F\000e\000h\000l\000e\000r\000m\000e\000l\000d\000u\000n\000g\000e\000n\000\040\000u\000n\000d\000\040\000D\000e\000b\000u\000g\000-\000T\000e\000c\000h\000n\000i\000k\000e\000n}{section.2}% 7
\BOOKMARK [1][-]{section.3}{\376\377\000E\000n\000t\000s\000c\000h\000e\000i\000d\000u\000n\000g\000s\000b\000\344\000u\000m\000e}{}% 8
\BOOKMARK [2][-]{subsection.3.1}{\376\377\000S\000t\000r\000u\000k\000t\000u\000r\000a\000b\000b\000i\000l\000d\000u\000n\000g\000\040\000e\000i\000n\000e\000r\000\040\000S\000o\000f\000t\000w\000a\000r\000e}{section.3}% 9
\BOOKMARK [2][-]{subsection.3.2}{\376\377\000K\000a\000t\000e\000g\000o\000r\000i\000s\000i\000e\000r\000u\000n\000g\000s\000h\000i\000l\000f\000e\000n}{section.3}% 10
\BOOKMARK [2][-]{subsection.3.3}{\376\377\000E\000x\000p\000e\000r\000t\000e\000n\000s\000y\000s\000t\000e\000m\000e}{section.3}% 11
\BOOKMARK [1][-]{section.4}{\376\377\000F\000o\000r\000m\000a\000t\000i\000e\000r\000u\000n\000g\000\040\000d\000e\000r\000\040\000A\000u\000s\000g\000a\000b\000e}{}% 12
\BOOKMARK [2][-]{subsection.4.1}{\376\377\000A\000u\000s\000g\000a\000b\000e\000\040\000i\000n\000\040\000A\000b\000s\000c\000h\000n\000i\000t\000t\000e\000n}{section.4}% 13
\BOOKMARK [2][-]{subsection.4.2}{\376\377\000U\000n\000t\000e\000r\000p\000u\000n\000k\000t\000e\000\040\000u\000n\000d\000\040\000A\000b\000s\000a\000t\000z\000f\000o\000r\000m\000a\000t\000e}{section.4}% 14
\BOOKMARK [2][-]{subsection.4.3}{\376\377\000L\000i\000n\000k\000s\000\040\000u\000n\000d\000\040\000I\000n\000l\000i\000n\000e\000-\000C\000o\000d\000e}{section.4}% 15
\BOOKMARK [1][-]{section.5}{\376\377\000V\000a\000r\000i\000a\000b\000l\000e\000n\000\040\000u\000n\000d\000\040\000T\000e\000x\000t\000e\000i\000n\000g\000a\000b\000e\000n}{}% 16
\BOOKMARK [2][-]{subsection.5.1}{\376\377\000V\000a\000r\000i\000a\000b\000l\000e\000n\000\040\000s\000e\000t\000z\000e\000n\000\040\000u\000n\000d\000\040\000v\000e\000r\000w\000e\000n\000d\000e\000n}{section.5}% 17
\BOOKMARK [2][-]{subsection.5.2}{\376\377\000B\000e\000w\000e\000r\000t\000u\000n\000g\000s\000s\000y\000s\000t\000e\000m\000e}{section.5}% 18
\BOOKMARK [2][-]{subsection.5.3}{\376\377\000T\000e\000x\000t\000e\000i\000n\000g\000a\000b\000e\000n}{section.5}% 19
\BOOKMARK [1][-]{section.6}{\376\377\000W\000e\000i\000t\000e\000r\000e\000\040\000F\000o\000r\000m\000a\000t\000i\000e\000r\000u\000n\000g\000s\000m\000\366\000g\000l\000i\000c\000h\000k\000e\000i\000t\000e\000n}{}% 20
\BOOKMARK [2][-]{subsection.6.1}{\376\377\000A\000u\000s\000g\000a\000b\000e\000t\000i\000t\000e\000l\000\040\000u\000n\000d\000\040\000A\000b\000s\000c\000h\000n\000i\000t\000t\000s\000v\000e\000r\000s\000c\000h\000i\000e\000b\000u\000n\000g\000e\000n}{section.6}% 21
\BOOKMARK [2][-]{subsection.6.2}{\376\377\000F\000o\000r\000m\000a\000t\000i\000e\000r\000u\000n\000g\000\040\000d\000e\000r\000\040\000E\000i\000n\000g\000a\000b\000e}{section.6}% 22
\BOOKMARK [2][-]{subsection.6.3}{\376\377\000H\000i\000l\000f\000e\000z\000e\000i\000l\000e\000n}{section.6}% 23
\BOOKMARK [1][-]{section.7}{\376\377\000P\000r\000o\000g\000r\000a\000m\000m\000i\000e\000r\000u\000n\000g}{}% 24
\BOOKMARK [2][-]{subsection.7.1}{\376\377\000S\000p\000r\000\374\000n\000g\000e}{section.7}% 25
\BOOKMARK [2][-]{subsection.7.2}{\376\377\000B\000e\000r\000e\000c\000h\000n\000u\000n\000g\000e\000n}{section.7}% 26
\BOOKMARK [2][-]{subsection.7.3}{\376\377\000S\000c\000h\000l\000e\000i\000f\000e\000n}{section.7}% 27
\BOOKMARK [2][-]{subsection.7.4}{\376\377\000I\000f\000-\000A\000b\000f\000r\000a\000g\000e\000n\000\040\000u\000n\000d\000\040\000B\000e\000d\000i\000n\000g\000u\000n\000g\000e\000n}{section.7}% 28
\BOOKMARK [2][-]{subsection.7.5}{\376\377\000F\000u\000n\000k\000t\000i\000o\000n\000e\000n}{section.7}% 29
\BOOKMARK [1][-]{section.8}{\376\377\000V\000e\000r\000a\000r\000b\000e\000i\000t\000u\000n\000g\000\040\000v\000o\000n\000\040\000T\000e\000x\000t\000e\000n}{}% 30
\BOOKMARK [2][-]{subsection.8.1}{\376\377\000T\000e\000x\000t\000e\000\040\000a\000u\000f\000t\000e\000i\000l\000e\000n\000\040\000u\000n\000d\000\040\000n\000e\000u\000\040\000k\000o\000m\000b\000i\000n\000i\000e\000r\000e\000n}{section.8}% 31
\BOOKMARK [2][-]{subsection.8.2}{\376\377\000E\000r\000s\000e\000t\000z\000u\000n\000g\000e\000n\000\040\000u\000n\000d\000\040\000Z\000u\000f\000a\000l\000l\000s\000g\000e\000n\000e\000r\000i\000e\000r\000u\000n\000g}{section.8}% 32
\BOOKMARK [2][-]{subsection.8.3}{\376\377\000R\000e\000g\000u\000l\000\344\000r\000e\000\040\000A\000u\000s\000d\000r\000\374\000c\000k\000e\000\040\000u\000n\000d\000\040\000D\000a\000t\000e\000n\000a\000b\000f\000r\000a\000g\000e\000n}{section.8}% 33
\BOOKMARK [2][-]{subsection.8.4}{\376\377\000P\000a\000r\000a\000m\000e\000t\000r\000i\000s\000i\000e\000r\000t\000e\000\040\000L\000i\000n\000k\000s\000\040\000g\000e\000n\000e\000r\000i\000e\000r\000e\000n}{section.8}% 34
\BOOKMARK [1][-]{section.9}{\376\377\000S\000y\000s\000t\000e\000m\000e\000n\000t\000w\000i\000c\000k\000l\000u\000n\000g}{}% 35
\BOOKMARK [2][-]{subsection.9.1}{\376\377\000Z\000i\000e\000l\000s\000e\000t\000z\000u\000n\000g\000\040\000d\000e\000r\000\040\000S\000y\000s\000t\000e\000m\000e\000n\000t\000w\000i\000c\000k\000l\000u\000n\000g}{section.9}% 36
\BOOKMARK [2][-]{subsection.9.2}{\376\377\000E\000n\000t\000w\000i\000c\000k\000l\000u\000n\000g\000s\000a\000n\000l\000e\000i\000t\000u\000n\000g\000e\000n}{section.9}% 37
\BOOKMARK [2][-]{subsection.9.3}{\376\377\000T\000e\000s\000t\000v\000o\000r\000b\000e\000r\000e\000i\000t\000u\000n\000g}{section.9}% 38
\BOOKMARK [2][-]{subsection.9.4}{\376\377\000P\000r\000o\000d\000u\000c\000t\000-\000O\000w\000n\000e\000r\000-\000U\000n\000t\000e\000r\000s\000t\000\374\000t\000z\000u\000n\000g}{section.9}% 39
\BOOKMARK [2][-]{subsection.9.5}{\376\377\000Q\000u\000a\000l\000i\000t\000\344\000t\000p\000r\000o\000t\000o\000k\000o\000l\000l\000e}{section.9}% 40
\BOOKMARK [1][-]{section.10}{\376\377\000O\000r\000g\000a\000n\000i\000s\000a\000t\000i\000o\000n\000s\000w\000e\000r\000k\000z\000e\000u\000g\000e}{}% 41
\BOOKMARK [2][-]{subsection.10.1}{\376\377\000Z\000e\000i\000t\000m\000e\000s\000s\000u\000n\000g}{section.10}% 42
\BOOKMARK [2][-]{subsection.10.2}{\376\377\000M\000e\000e\000t\000i\000n\000g\000-\000V\000o\000r\000b\000e\000r\000e\000i\000t\000u\000n\000g}{section.10}% 43
\BOOKMARK [2][-]{subsection.10.3}{\376\377\000A\000s\000s\000e\000t\000-\000D\000o\000k\000u\000m\000e\000n\000t\000a\000t\000i\000o\000n}{section.10}% 44
\BOOKMARK [2][-]{subsection.10.4}{\376\377\000T\000e\000r\000m\000i\000n\000p\000l\000a\000n\000u\000n\000g}{section.10}% 45
\BOOKMARK [1][-]{section.11}{\376\377\000M\000i\000t\000g\000e\000s\000t\000a\000l\000t\000u\000n\000g}{}% 46
\BOOKMARK [2][-]{subsection.11.1}{\376\377\000A\000n\000g\000e\000l\000e\000i\000t\000e\000t\000e\000\040\000S\000k\000r\000i\000p\000t\000-\000E\000r\000w\000e\000i\000t\000e\000r\000u\000n\000g\000e\000n}{section.11}% 47
\BOOKMARK [2][-]{subsection.11.2}{\376\377\000M\000e\000t\000a\000s\000k\000r\000i\000p\000t\000i\000n\000g}{section.11}% 48
\BOOKMARK [2][-]{subsection.11.3}{\376\377\000W\000i\000s\000s\000e\000n\000s\000d\000o\000k\000u\000m\000e\000n\000t\000a\000t\000i\000o\000n}{section.11}% 49
\BOOKMARK [2][-]{subsection.11.4}{\376\377\000P\000e\000r\000s\000o\000n\000a\000l\000i\000s\000i\000e\000r\000u\000n\000g}{section.11}% 50
\BOOKMARK [1][-]{section.12}{\376\377\000B\000e\000f\000e\000h\000l\000s\000r\000e\000f\000e\000r\000e\000n\000z}{}% 51
\BOOKMARK [2][-]{subsection.12.1}{\376\377\000K\000e\000r\000n\000e\000l\000e\000m\000e\000n\000t\000e}{section.12}% 52
\BOOKMARK [2][-]{subsection.12.2}{\376\377\000U\000m\000g\000e\000b\000u\000n\000g\000s\000v\000a\000r\000i\000a\000b\000l\000e\000n}{section.12}% 53
\BOOKMARK [2][-]{subsection.12.3}{\376\377\000B\000e\000f\000e\000h\000l\000e}{section.12}% 54
